<?xml version="1.0" encoding="UTF-8"?>
<!-- Generated by org.testng.reporters.JUnitReportReporter -->
<testsuite skipped="0" hostname="SrinivasR-DSK" name="datausingPOJO.BearearAuthentication" tests="4" failures="0" timestamp="2021-09-13T14:17:10 IST" time="5.069" errors="0">
  <testcase name="bearerTokenAuthentication" time="3.288" classname="datausingPOJO.BearearAuthentication"/>
  <system-out/>
  <testcase name="assetActions" time="0.506" classname="datausingPOJO.BearearAuthentication"/>
  <system-out/>
  <testcase name="jobsActions" time="0.534" classname="datausingPOJO.BearearAuthentication"/>
  <system-out/>
  <testcase name="departmentActions" time="0.741" classname="datausingPOJO.BearearAuthentication"/>
  <system-out/>
</testsuite> <!-- datausingPOJO.BearearAuthentication -->
