<?xml version="1.0" encoding="UTF-8"?>
<!-- Generated by org.testng.reporters.JUnitReportReporter -->
<testsuite skipped="0" hostname="DESKTOP-6FMHLIV" name="Sample.sample" tests="1" failures="0" timestamp="16 Oct 2020 07:30:49 GMT" time="8.550" errors="0">
  <testcase name="lotto_resource_returns_200_with_expected_id_and_winners" time="8.550" classname="Sample.sample"/>
</testsuite> <!-- Sample.sample -->
