<?xml version="1.0" encoding="UTF-8"?>
<!-- Generated by org.testng.reporters.JUnitReportReporter -->
<testsuite skipped="0" hostname="SrinivasR-DSK" name="datausingPOJO.BearearAuthentication" tests="1" failures="0" timestamp="2021-09-12T14:50:24 IST" time="3.090" errors="0">
  <testcase name="bearerTokenAuthentication" time="3.090" classname="datausingPOJO.BearearAuthentication"/>
  <system-out/>
</testsuite> <!-- datausingPOJO.BearearAuthentication -->
