<?xml version="1.0" encoding="UTF-8"?>
<!-- Generated by org.testng.reporters.JUnitReportReporter -->
<testsuite skipped="0" hostname="DESKTOP-6FMHLIV" name="Sample.ExtentDemo" tests="1" failures="0" timestamp="17 Oct 2020 09:15:30 GMT" time="0.528" errors="0">
  <testcase name="loginTest" time="0.528" classname="Sample.ExtentDemo"/>
</testsuite> <!-- Sample.ExtentDemo -->
