<?xml version="1.0" encoding="UTF-8"?>
<!-- Generated by org.testng.reporters.JUnitReportReporter -->
<testsuite skipped="0" hostname="DESKTOP-6FMHLIV" name="Sample.sample" tests="15" failures="0" timestamp="19 Oct 2020 10:00:48 GMT" time="20.895" errors="0">
  <testcase name="getResponseBody" time="3.368" classname="Sample.sample"/>
  <testcase name="test_NumberOfCircuits_ShouldBe20_Parameterized" time="0.382" classname="Sample.sample"/>
  <testcase name="getResponseContentType" time="0.622" classname="Sample.sample"/>
  <testcase name="getResponseHeaders" time="0.599" classname="Sample.sample"/>
  <testcase name="test_NumberOfCircuits_ShouldBe20_Parameterized" time="1.500" classname="Sample.sample"/>
  <testcase name="test_NumberOfCircuits_ShouldBe20_Parameterized" time="1.494" classname="Sample.sample"/>
  <testcase name="test_NumberOfCircuits_ShouldBe20_Parameterized" time="2.631" classname="Sample.sample"/>
  <testcase name="getResponseTime" time="0.686" classname="Sample.sample"/>
  <testcase name="lotto_resource_returns_200_with_expected_id_and_winners" time="1.124" classname="Sample.sample"/>
  <testcase name="post_data" time="0.874" classname="Sample.sample"/>
  <testcase name="xml_Validation" time="3.108" classname="Sample.sample"/>
  <testcase name="test_put" time="0.821" classname="Sample.sample"/>
  <testcase name="test_patch" time="0.863" classname="Sample.sample"/>
  <testcase name="test_delete" time="2.454" classname="Sample.sample"/>
  <testcase name="test_ResponseHeaderData_ShouldBeCorrect" time="0.369" classname="Sample.sample"/>
</testsuite> <!-- Sample.sample -->
