<?xml version="1.0" encoding="UTF-8"?>
<!-- Generated by org.testng.reporters.JUnitReportReporter -->
<testsuite hostname="DESKTOP-A5OTGBU" failures="0" tests="1" name="Sample.sample" time="1.602" errors="0" timestamp="2021-01-20T16:11:33 IST" skipped="0">
  <testcase classname="Sample.sample" name="RegistrationSuccessful" time="1.602"/>
  <system-out/>
</testsuite> <!-- Sample.sample -->
