<?xml version="1.0" encoding="UTF-8"?>
<!-- Generated by org.testng.reporters.JUnitReportReporter -->
<testsuite skipped="0" hostname="DESKTOP-6FMHLIV" name="Sample.sample" tests="1" failures="0" timestamp="28 Oct 2020 13:27:02 GMT" time="2.375" errors="0">
  <testcase name="post_data" time="2.375" classname="Sample.sample"/>
</testsuite> <!-- Sample.sample -->
