<?xml version="1.0" encoding="UTF-8"?>
<!-- Generated by org.testng.reporters.JUnitReportReporter -->
<testsuite skipped="0" hostname="SrinivasR-DSK" name="datausingPOJO.BearearAuthentication" tests="4" failures="0" timestamp="2021-09-13T16:16:37 IST" time="5.279" errors="0">
  <testcase name="bearerTokenAuthentication" time="3.387" classname="datausingPOJO.BearearAuthentication"/>
  <system-out/>
  <testcase name="assetActions" time="0.560" classname="datausingPOJO.BearearAuthentication"/>
  <system-out/>
  <testcase name="jobsActions" time="0.562" classname="datausingPOJO.BearearAuthentication"/>
  <system-out/>
  <testcase name="departmentActions" time="0.770" classname="datausingPOJO.BearearAuthentication"/>
  <system-out/>
</testsuite> <!-- datausingPOJO.BearearAuthentication -->
