<?xml version="1.0" encoding="UTF-8"?>
<!-- Generated by org.testng.reporters.JUnitReportReporter -->
<testsuite hostname="DESKTOP-O0KI1GT" failures="0" tests="1" name="datausingPOJO.POJO_complexaddress" time="3.248" errors="0" timestamp="2021-10-15T12:35:15 IST" skipped="0">
  <testcase classname="datausingPOJO.POJO_complexaddress" name="testing" time="3.248"/>
  <system-out/>
</testsuite> <!-- datausingPOJO.POJO_complexaddress -->
