<?xml version="1.0" encoding="UTF-8"?>
<!-- Generated by org.testng.reporters.JUnitReportReporter -->
<testsuite skipped="0" hostname="DESKTOP-6FMHLIV" name="Sample.sample" tests="4" failures="0" timestamp="16 Oct 2020 10:00:07 GMT" time="6.585" errors="0">
  <testcase name="test_NumberOfCircuits_ShouldBe20_Parameterized" time="1.197" classname="Sample.sample"/>
  <testcase name="test_NumberOfCircuits_ShouldBe20_Parameterized" time="0.394" classname="Sample.sample"/>
  <testcase name="test_NumberOfCircuits_ShouldBe20_Parameterized" time="3.467" classname="Sample.sample"/>
  <testcase name="test_NumberOfCircuits_ShouldBe20_Parameterized" time="1.527" classname="Sample.sample"/>
</testsuite> <!-- Sample.sample -->
